[gow] unable to read terminal state: inappropriate ioctl for device
Server running on:  :8080

[cors] 2023/09/19 18:53:15 Handler: Preflight request
[cors] 2023/09/19 18:53:15   Preflight response headers: map[Access-Control-Allow-Headers:[Content-Type] Access-Control-Allow-Methods:[POST] Access-Control-Allow-Origin:[*] Vary:[Origin, Access-Control-Request-Method, Access-Control-Request-Headers]]
[cors] 2023/09/19 18:53:15 Handler: Actual request
[cors] 2023/09/19 18:53:15   Actual response added headers: map[Access-Control-Allow-Origin:[*] Access-Control-Expose-Headers:[] Vary:[Origin]]
Pos: 3
Table: [1 1 1 0 1]
Dir: -1
InitDir => -1
InitPos => 3
Movs =ffff> 10
Moving to... 2
Cleaning... Pos => 2
Moving to... 1
Cleaning... Pos => 1
Moving to... 0
Cleaning... Pos => 0
Moving to... 1
Moving to... 2
Moving to... 3
Moving to... 4
Cleaning... Pos => 4
Moving to... 3
Moving to... 2
Moving to... 1
Moving to... 0
Movs =ffff> 0
Response: {[{[1 1 1 0 1] 3} {[1 1 1 0 1] 2} {[1 1 0 0 1] 2} {[1 1 0 0 1] 1} {[1 0 0 0 1] 1} {[1 0 0 0 1] 0} {[0 0 0 0 1] 0} {[0 0 0 0 1] 1} {[0 0 0 0 1] 2} {[0 0 0 0 1] 3} {[0 0 0 0 1] 4} {[0 0 0 0 0] 4} {[0 0 0 0 0] 3} {[0 0 0 0 0] 2} {[0 0 0 0 0] 1} {[0 0 0 0 0] 0}]}
[cors] 2023/09/19 18:53:18 Handler: Actual request
[cors] 2023/09/19 18:53:18   Actual response added headers: map[Access-Control-Allow-Origin:[*] Access-Control-Expose-Headers:[] Vary:[Origin]]
Pos: 3
Table: [1 1 1 0 1]
Dir: -1
InitDir => -1
InitPos => 3
Movs =ffff> 10
Moving to... 2
Cleaning... Pos => 2
Moving to... 1
Cleaning... Pos => 1
Moving to... 0
Cleaning... Pos => 0
Moving to... 1
Moving to... 2
Moving to... 3
Moving to... 4
Cleaning... Pos => 4
Moving to... 3
Moving to... 2
Moving to... 1
Moving to... 0
Movs =ffff> 0
Response: {[{[1 1 1 0 1] 3} {[1 1 1 0 1] 2} {[1 1 0 0 1] 2} {[1 1 0 0 1] 1} {[1 0 0 0 1] 1} {[1 0 0 0 1] 0} {[0 0 0 0 1] 0} {[0 0 0 0 1] 1} {[0 0 0 0 1] 2} {[0 0 0 0 1] 3} {[0 0 0 0 1] 4} {[0 0 0 0 0] 4} {[0 0 0 0 0] 3} {[0 0 0 0 0] 2} {[0 0 0 0 0] 1} {[0 0 0 0 0] 0}]}
[cors] 2023/09/19 18:53:25 Handler: Preflight request
[cors] 2023/09/19 18:53:25   Preflight response headers: map[Access-Control-Allow-Headers:[Content-Type] Access-Control-Allow-Methods:[POST] Access-Control-Allow-Origin:[*] Vary:[Origin, Access-Control-Request-Method, Access-Control-Request-Headers]]
[cors] 2023/09/19 18:53:25 Handler: Actual request
[cors] 2023/09/19 18:53:25   Actual response added headers: map[Access-Control-Allow-Origin:[*] Access-Control-Expose-Headers:[] Vary:[Origin]]
Pos: 3
Table: [1 1 1 0 1 0]
Dir: -1
InitDir => -1
InitPos => 3
Movs =ffff> 12
Moving to... 2
Cleaning... Pos => 2
Moving to... 1
Cleaning... Pos => 1
Moving to... 0
Cleaning... Pos => 0
Moving to... 1
Moving to... 2
Moving to... 3
Moving to... 4
Cleaning... Pos => 4
Moving to... 5
Moving to... 4
Moving to... 3
Moving to... 2
Moving to... 1
Moving to... 0
Movs =ffff> 0
Response: {[{[1 1 1 0 1 0] 3} {[1 1 1 0 1 0] 2} {[1 1 0 0 1 0] 2} {[1 1 0 0 1 0] 1} {[1 0 0 0 1 0] 1} {[1 0 0 0 1 0] 0} {[0 0 0 0 1 0] 0} {[0 0 0 0 1 0] 1} {[0 0 0 0 1 0] 2} {[0 0 0 0 1 0] 3} {[0 0 0 0 1 0] 4} {[0 0 0 0 0 0] 4} {[0 0 0 0 0 0] 5} {[0 0 0 0 0 0] 4} {[0 0 0 0 0 0] 3} {[0 0 0 0 0 0] 2} {[0 0 0 0 0 0] 1} {[0 0 0 0 0 0] 0}]}
[cors] 2023/09/19 18:53:26 Handler: Actual request
[cors] 2023/09/19 18:53:26   Actual response added headers: map[Access-Control-Allow-Origin:[*] Access-Control-Expose-Headers:[] Vary:[Origin]]
Pos: 3
Table: [1 1 1 0 1 0 0]
Dir: -1
InitDir => -1
InitPos => 3
Movs =ffff> 14
Moving to... 2
Cleaning... Pos => 2
Moving to... 1
Cleaning... Pos => 1
Moving to... 0
Cleaning... Pos => 0
Moving to... 1
Moving to... 2
Moving to... 3
Moving to... 4
Cleaning... Pos => 4
Moving to... 5
Moving to... 6
Moving to... 5
Moving to... 4
Moving to... 3
Moving to... 2
Moving to... 1
Moving to... 0
Movs =ffff> 0
Response: {[{[1 1 1 0 1 0 0] 3} {[1 1 1 0 1 0 0] 2} {[1 1 0 0 1 0 0] 2} {[1 1 0 0 1 0 0] 1} {[1 0 0 0 1 0 0] 1} {[1 0 0 0 1 0 0] 0} {[0 0 0 0 1 0 0] 0} {[0 0 0 0 1 0 0] 1} {[0 0 0 0 1 0 0] 2} {[0 0 0 0 1 0 0] 3} {[0 0 0 0 1 0 0] 4} {[0 0 0 0 0 0 0] 4} {[0 0 0 0 0 0 0] 5} {[0 0 0 0 0 0 0] 6} {[0 0 0 0 0 0 0] 5} {[0 0 0 0 0 0 0] 4} {[0 0 0 0 0 0 0] 3} {[0 0 0 0 0 0 0] 2} {[0 0 0 0 0 0 0] 1} {[0 0 0 0 0 0 0] 0}]}
[cors] 2023/09/19 18:53:30 Handler: Actual request
[cors] 2023/09/19 18:53:30   Actual response added headers: map[Access-Control-Allow-Origin:[*] Access-Control-Expose-Headers:[] Vary:[Origin]]
Pos: 3
Table: [1 1 1 0 1 0 0]
Dir: 1
InitDir => 1
InitPos => 3
Movs =ffff> 14
Moving to... 4
Cleaning... Pos => 4
Moving to... 5
Moving to... 6
Moving to... 5
Moving to... 4
Moving to... 3
Moving to... 2
Cleaning... Pos => 2
Moving to... 1
Cleaning... Pos => 1
Moving to... 0
Cleaning... Pos => 0
Moving to... 1
Moving to... 2
Moving to... 3
Moving to... 4
Moving to... 5
Moving to... 6
Movs =ffff> 0
Response: {[{[1 1 1 0 1 0 0] 3} {[1 1 1 0 1 0 0] 4} {[1 1 1 0 0 0 0] 4} {[1 1 1 0 0 0 0] 5} {[1 1 1 0 0 0 0] 6} {[1 1 1 0 0 0 0] 5} {[1 1 1 0 0 0 0] 4} {[1 1 1 0 0 0 0] 3} {[1 1 1 0 0 0 0] 2} {[1 1 0 0 0 0 0] 2} {[1 1 0 0 0 0 0] 1} {[1 0 0 0 0 0 0] 1} {[1 0 0 0 0 0 0] 0} {[0 0 0 0 0 0 0] 0} {[0 0 0 0 0 0 0] 1} {[0 0 0 0 0 0 0] 2} {[0 0 0 0 0 0 0] 3} {[0 0 0 0 0 0 0] 4} {[0 0 0 0 0 0 0] 5} {[0 0 0 0 0 0 0] 6}]}
[cors] 2023/09/19 18:53:31 Handler: Preflight request
[cors] 2023/09/19 18:53:31   Preflight response headers: map[Access-Control-Allow-Headers:[Content-Type] Access-Control-Allow-Methods:[POST] Access-Control-Allow-Origin:[*] Vary:[Origin, Access-Control-Request-Method, Access-Control-Request-Headers]]
[cors] 2023/09/19 18:53:31 Handler: Actual request
[cors] 2023/09/19 18:53:31   Actual response added headers: map[Access-Control-Allow-Origin:[*] Access-Control-Expose-Headers:[] Vary:[Origin]]
Pos: 3
Table: [1 1 1 0 1 0 0]
Dir: -1
InitDir => -1
InitPos => 3
Movs =ffff> 14
Moving to... 2
Cleaning... Pos => 2
Moving to... 1
Cleaning... Pos => 1
Moving to... 0
Cleaning... Pos => 0
Moving to... 1
Moving to... 2
Moving to... 3
Moving to... 4
Cleaning... Pos => 4
Moving to... 5
Moving to... 6
Moving to... 5
Moving to... 4
Moving to... 3
Moving to... 2
Moving to... 1
Moving to... 0
Movs =ffff> 0
Response: {[{[1 1 1 0 1 0 0] 3} {[1 1 1 0 1 0 0] 2} {[1 1 0 0 1 0 0] 2} {[1 1 0 0 1 0 0] 1} {[1 0 0 0 1 0 0] 1} {[1 0 0 0 1 0 0] 0} {[0 0 0 0 1 0 0] 0} {[0 0 0 0 1 0 0] 1} {[0 0 0 0 1 0 0] 2} {[0 0 0 0 1 0 0] 3} {[0 0 0 0 1 0 0] 4} {[0 0 0 0 0 0 0] 4} {[0 0 0 0 0 0 0] 5} {[0 0 0 0 0 0 0] 6} {[0 0 0 0 0 0 0] 5} {[0 0 0 0 0 0 0] 4} {[0 0 0 0 0 0 0] 3} {[0 0 0 0 0 0 0] 2} {[0 0 0 0 0 0 0] 1} {[0 0 0 0 0 0 0] 0}]}
[cors] 2023/09/19 18:53:35 Handler: Actual request
[cors] 2023/09/19 18:53:35   Actual response added headers: map[Access-Control-Allow-Origin:[*] Access-Control-Expose-Headers:[] Vary:[Origin]]
Pos: 13
Table: [0 0 0 1 1 1 0 0 0 0 0 0 0 1 0 1 1]
Dir: 1
InitDir => 1
InitPos => 13
Movs =ffff> 34
Cleaning... Pos => 13
Moving to... 14
Moving to... 15
Cleaning... Pos => 15
Moving to... 16
Cleaning... Pos => 16
Moving to... 15
Moving to... 14
Moving to... 13
Moving to... 12
Moving to... 11
Moving to... 10
Moving to... 9
Moving to... 8
Moving to... 7
Moving to... 6
Moving to... 5
Cleaning... Pos => 5
Moving to... 4
Cleaning... Pos => 4
Moving to... 3
Cleaning... Pos => 3
Moving to... 2
Moving to... 1
Moving to... 0
Moving to... 1
Moving to... 2
Moving to... 3
Moving to... 4
Moving to... 5
Moving to... 6
Moving to... 7
Moving to... 8
Moving to... 9
Moving to... 10
Moving to... 11
Moving to... 12
Moving to... 13
Moving to... 14
Moving to... 15
Moving to... 16
Movs =ffff> 0
Response: {[{[0 0 0 1 1 1 0 0 0 0 0 0 0 1 0 1 1] 13} {[0 0 0 1 1 1 0 0 0 0 0 0 0 0 0 1 1] 13} {[0 0 0 1 1 1 0 0 0 0 0 0 0 0 0 1 1] 14} {[0 0 0 1 1 1 0 0 0 0 0 0 0 0 0 1 1] 15} {[0 0 0 1 1 1 0 0 0 0 0 0 0 0 0 0 1] 15} {[0 0 0 1 1 1 0 0 0 0 0 0 0 0 0 0 1] 16} {[0 0 0 1 1 1 0 0 0 0 0 0 0 0 0 0 0] 16} {[0 0 0 1 1 1 0 0 0 0 0 0 0 0 0 0 0] 15} {[0 0 0 1 1 1 0 0 0 0 0 0 0 0 0 0 0] 14} {[0 0 0 1 1 1 0 0 0 0 0 0 0 0 0 0 0] 13} {[0 0 0 1 1 1 0 0 0 0 0 0 0 0 0 0 0] 12} {[0 0 0 1 1 1 0 0 0 0 0 0 0 0 0 0 0] 11} {[0 0 0 1 1 1 0 0 0 0 0 0 0 0 0 0 0] 10} {[0 0 0 1 1 1 0 0 0 0 0 0 0 0 0 0 0] 9} {[0 0 0 1 1 1 0 0 0 0 0 0 0 0 0 0 0] 8} {[0 0 0 1 1 1 0 0 0 0 0 0 0 0 0 0 0] 7} {[0 0 0 1 1 1 0 0 0 0 0 0 0 0 0 0 0] 6} {[0 0 0 1 1 1 0 0 0 0 0 0 0 0 0 0 0] 5} {[0 0 0 1 1 0 0 0 0 0 0 0 0 0 0 0 0] 5} {[0 0 0 1 1 0 0 0 0 0 0 0 0 0 0 0 0] 4} {[0 0 0 1 0 0 0 0 0 0 0 0 0 0 0 0 0] 4} {[0 0 0 1 0 0 0 0 0 0 0 0 0 0 0 0 0] 3} {[0 0 0 0 0 0 0 0 0 0 0 0 0 0 0 0 0] 3} {[0 0 0 0 0 0 0 0 0 0 0 0 0 0 0 0 0] 2} {[0 0 0 0 0 0 0 0 0 0 0 0 0 0 0 0 0] 1} {[0 0 0 0 0 0 0 0 0 0 0 0 0 0 0 0 0] 0} {[0 0 0 0 0 0 0 0 0 0 0 0 0 0 0 0 0] 1} {[0 0 0 0 0 0 0 0 0 0 0 0 0 0 0 0 0] 2} {[0 0 0 0 0 0 0 0 0 0 0 0 0 0 0 0 0] 3} {[0 0 0 0 0 0 0 0 0 0 0 0 0 0 0 0 0] 4} {[0 0 0 0 0 0 0 0 0 0 0 0 0 0 0 0 0] 5} {[0 0 0 0 0 0 0 0 0 0 0 0 0 0 0 0 0] 6} {[0 0 0 0 0 0 0 0 0 0 0 0 0 0 0 0 0] 7} {[0 0 0 0 0 0 0 0 0 0 0 0 0 0 0 0 0] 8} {[0 0 0 0 0 0 0 0 0 0 0 0 0 0 0 0 0] 9} {[0 0 0 0 0 0 0 0 0 0 0 0 0 0 0 0 0] 10} {[0 0 0 0 0 0 0 0 0 0 0 0 0 0 0 0 0] 11} {[0 0 0 0 0 0 0 0 0 0 0 0 0 0 0 0 0] 12} {[0 0 0 0 0 0 0 0 0 0 0 0 0 0 0 0 0] 13} {[0 0 0 0 0 0 0 0 0 0 0 0 0 0 0 0 0] 14} {[0 0 0 0 0 0 0 0 0 0 0 0 0 0 0 0 0] 15} {[0 0 0 0 0 0 0 0 0 0 0 0 0 0 0 0 0] 16}]}
[cors] 2023/09/19 18:53:35 Handler: Actual request
[cors] 2023/09/19 18:53:35   Actual response added headers: map[Access-Control-Allow-Origin:[*] Access-Control-Expose-Headers:[] Vary:[Origin]]
Pos: 2
Table: [1 0 0 1 0 0 0]
Dir: 1
InitDir => 1
InitPos => 2
Movs =ffff> 14
Moving to... 3
Cleaning... Pos => 3
Moving to... 4
Moving to... 5
Moving to... 6
Moving to... 5
Moving to... 4
Moving to... 3
Moving to... 2
Moving to... 1
Moving to... 0
Cleaning... Pos => 0
Moving to... 1
Moving to... 2
Moving to... 3
Moving to... 4
Moving to... 5
Movs =ffff> 0
Response: {[{[1 0 0 1 0 0 0] 2} {[1 0 0 1 0 0 0] 3} {[1 0 0 0 0 0 0] 3} {[1 0 0 0 0 0 0] 4} {[1 0 0 0 0 0 0] 5} {[1 0 0 0 0 0 0] 6} {[1 0 0 0 0 0 0] 5} {[1 0 0 0 0 0 0] 4} {[1 0 0 0 0 0 0] 3} {[1 0 0 0 0 0 0] 2} {[1 0 0 0 0 0 0] 1} {[1 0 0 0 0 0 0] 0} {[0 0 0 0 0 0 0] 0} {[0 0 0 0 0 0 0] 1} {[0 0 0 0 0 0 0] 2} {[0 0 0 0 0 0 0] 3} {[0 0 0 0 0 0 0] 4} {[0 0 0 0 0 0 0] 5}]}
[cors] 2023/09/19 18:53:36 Handler: Preflight request
[cors] 2023/09/19 18:53:36   Preflight response headers: map[Access-Control-Allow-Headers:[Content-Type] Access-Control-Allow-Methods:[POST] Access-Control-Allow-Origin:[*] Vary:[Origin, Access-Control-Request-Method, Access-Control-Request-Headers]]
[cors] 2023/09/19 18:53:36 Handler: Actual request
[cors] 2023/09/19 18:53:36   Actual response added headers: map[Access-Control-Allow-Origin:[*] Access-Control-Expose-Headers:[] Vary:[Origin]]
Pos: 4
Table: [1 0 1 0 1 1 1 1 0 1 1 0 1 0 0 0 0]
Dir: 1
InitDir => 1
InitPos => 4
Movs =ffff> 34
Cleaning... Pos => 4
Moving to... 5
Cleaning... Pos => 5
Moving to... 6
Cleaning... Pos => 6
Moving to... 7
Cleaning... Pos => 7
Moving to... 8
Moving to... 9
Cleaning... Pos => 9
Moving to... 10
Cleaning... Pos => 10
Moving to... 11
Moving to... 12
Cleaning... Pos => 12
Moving to... 13
Moving to... 14
Moving to... 15
Moving to... 16
Moving to... 15
Moving to... 14
Moving to... 13
Moving to... 12
Moving to... 11
Moving to... 10
Moving to... 9
Moving to... 8
Moving to... 7
Moving to... 6
Moving to... 5
Moving to... 4
Moving to... 3
Moving to... 2
Cleaning... Pos => 2
Moving to... 1
Moving to... 0
Cleaning... Pos => 0
Moving to... 1
Moving to... 2
Moving to... 3
Moving to... 4
Moving to... 5
Moving to... 6
Moving to... 7
Movs =ffff> 0
Response: {[{[1 0 1 0 1 1 1 1 0 1 1 0 1 0 0 0 0] 4} {[1 0 1 0 0 1 1 1 0 1 1 0 1 0 0 0 0] 4} {[1 0 1 0 0 1 1 1 0 1 1 0 1 0 0 0 0] 5} {[1 0 1 0 0 0 1 1 0 1 1 0 1 0 0 0 0] 5} {[1 0 1 0 0 0 1 1 0 1 1 0 1 0 0 0 0] 6} {[1 0 1 0 0 0 0 1 0 1 1 0 1 0 0 0 0] 6} {[1 0 1 0 0 0 0 1 0 1 1 0 1 0 0 0 0] 7} {[1 0 1 0 0 0 0 0 0 1 1 0 1 0 0 0 0] 7} {[1 0 1 0 0 0 0 0 0 1 1 0 1 0 0 0 0] 8} {[1 0 1 0 0 0 0 0 0 1 1 0 1 0 0 0 0] 9} {[1 0 1 0 0 0 0 0 0 0 1 0 1 0 0 0 0] 9} {[1 0 1 0 0 0 0 0 0 0 1 0 1 0 0 0 0] 10} {[1 0 1 0 0 0 0 0 0 0 0 0 1 0 0 0 0] 10} {[1 0 1 0 0 0 0 0 0 0 0 0 1 0 0 0 0] 11} {[1 0 1 0 0 0 0 0 0 0 0 0 1 0 0 0 0] 12} {[1 0 1 0 0 0 0 0 0 0 0 0 0 0 0 0 0] 12} {[1 0 1 0 0 0 0 0 0 0 0 0 0 0 0 0 0] 13} {[1 0 1 0 0 0 0 0 0 0 0 0 0 0 0 0 0] 14} {[1 0 1 0 0 0 0 0 0 0 0 0 0 0 0 0 0] 15} {[1 0 1 0 0 0 0 0 0 0 0 0 0 0 0 0 0] 16} {[1 0 1 0 0 0 0 0 0 0 0 0 0 0 0 0 0] 15} {[1 0 1 0 0 0 0 0 0 0 0 0 0 0 0 0 0] 14} {[1 0 1 0 0 0 0 0 0 0 0 0 0 0 0 0 0] 13} {[1 0 1 0 0 0 0 0 0 0 0 0 0 0 0 0 0] 12} {[1 0 1 0 0 0 0 0 0 0 0 0 0 0 0 0 0] 11} {[1 0 1 0 0 0 0 0 0 0 0 0 0 0 0 0 0] 10} {[1 0 1 0 0 0 0 0 0 0 0 0 0 0 0 0 0] 9} {[1 0 1 0 0 0 0 0 0 0 0 0 0 0 0 0 0] 8} {[1 0 1 0 0 0 0 0 0 0 0 0 0 0 0 0 0] 7} {[1 0 1 0 0 0 0 0 0 0 0 0 0 0 0 0 0] 6} {[1 0 1 0 0 0 0 0 0 0 0 0 0 0 0 0 0] 5} {[1 0 1 0 0 0 0 0 0 0 0 0 0 0 0 0 0] 4} {[1 0 1 0 0 0 0 0 0 0 0 0 0 0 0 0 0] 3} {[1 0 1 0 0 0 0 0 0 0 0 0 0 0 0 0 0] 2} {[1 0 0 0 0 0 0 0 0 0 0 0 0 0 0 0 0] 2} {[1 0 0 0 0 0 0 0 0 0 0 0 0 0 0 0 0] 1} {[1 0 0 0 0 0 0 0 0 0 0 0 0 0 0 0 0] 0} {[0 0 0 0 0 0 0 0 0 0 0 0 0 0 0 0 0] 0} {[0 0 0 0 0 0 0 0 0 0 0 0 0 0 0 0 0] 1} {[0 0 0 0 0 0 0 0 0 0 0 0 0 0 0 0 0] 2} {[0 0 0 0 0 0 0 0 0 0 0 0 0 0 0 0 0] 3} {[0 0 0 0 0 0 0 0 0 0 0 0 0 0 0 0 0] 4} {[0 0 0 0 0 0 0 0 0 0 0 0 0 0 0 0 0] 5} {[0 0 0 0 0 0 0 0 0 0 0 0 0 0 0 0 0] 6} {[0 0 0 0 0 0 0 0 0 0 0 0 0 0 0 0 0] 7}]}
[cors] 2023/09/19 18:53:52 Handler: Preflight request
[cors] 2023/09/19 18:53:52   Preflight response headers: map[Access-Control-Allow-Headers:[Content-Type] Access-Control-Allow-Methods:[POST] Access-Control-Allow-Origin:[*] Vary:[Origin, Access-Control-Request-Method, Access-Control-Request-Headers]]
[cors] 2023/09/19 18:53:52 Handler: Actual request
[cors] 2023/09/19 18:53:52   Actual response added headers: map[Access-Control-Allow-Origin:[*] Access-Control-Expose-Headers:[] Vary:[Origin]]
Pos: 4
Table: [1 0 1 0 1 1 1 1 0 1 1 0 1 0 0 0 0]
Dir: 1
InitDir => 1
InitPos => 4
Movs =ffff> 34
Cleaning... Pos => 4
Moving to... 5
Cleaning... Pos => 5
Moving to... 6
Cleaning... Pos => 6
Moving to... 7
Cleaning... Pos => 7
Moving to... 8
Moving to... 9
Cleaning... Pos => 9
Moving to... 10
Cleaning... Pos => 10
Moving to... 11
Moving to... 12
Cleaning... Pos => 12
Moving to... 13
Moving to... 14
Moving to... 15
Moving to... 16
Moving to... 15
Moving to... 14
Moving to... 13
Moving to... 12
Moving to... 11
Moving to... 10
Moving to... 9
Moving to... 8
Moving to... 7
Moving to... 6
Moving to... 5
Moving to... 4
Moving to... 3
Moving to... 2
Cleaning... Pos => 2
Moving to... 1
Moving to... 0
Cleaning... Pos => 0
Moving to... 1
Moving to... 2
Moving to... 3
Moving to... 4
Moving to... 5
Moving to... 6
Moving to... 7
Movs =ffff> 0
Response: {[{[1 0 1 0 1 1 1 1 0 1 1 0 1 0 0 0 0] 4} {[1 0 1 0 0 1 1 1 0 1 1 0 1 0 0 0 0] 4} {[1 0 1 0 0 1 1 1 0 1 1 0 1 0 0 0 0] 5} {[1 0 1 0 0 0 1 1 0 1 1 0 1 0 0 0 0] 5} {[1 0 1 0 0 0 1 1 0 1 1 0 1 0 0 0 0] 6} {[1 0 1 0 0 0 0 1 0 1 1 0 1 0 0 0 0] 6} {[1 0 1 0 0 0 0 1 0 1 1 0 1 0 0 0 0] 7} {[1 0 1 0 0 0 0 0 0 1 1 0 1 0 0 0 0] 7} {[1 0 1 0 0 0 0 0 0 1 1 0 1 0 0 0 0] 8} {[1 0 1 0 0 0 0 0 0 1 1 0 1 0 0 0 0] 9} {[1 0 1 0 0 0 0 0 0 0 1 0 1 0 0 0 0] 9} {[1 0 1 0 0 0 0 0 0 0 1 0 1 0 0 0 0] 10} {[1 0 1 0 0 0 0 0 0 0 0 0 1 0 0 0 0] 10} {[1 0 1 0 0 0 0 0 0 0 0 0 1 0 0 0 0] 11} {[1 0 1 0 0 0 0 0 0 0 0 0 1 0 0 0 0] 12} {[1 0 1 0 0 0 0 0 0 0 0 0 0 0 0 0 0] 12} {[1 0 1 0 0 0 0 0 0 0 0 0 0 0 0 0 0] 13} {[1 0 1 0 0 0 0 0 0 0 0 0 0 0 0 0 0] 14} {[1 0 1 0 0 0 0 0 0 0 0 0 0 0 0 0 0] 15} {[1 0 1 0 0 0 0 0 0 0 0 0 0 0 0 0 0] 16} {[1 0 1 0 0 0 0 0 0 0 0 0 0 0 0 0 0] 15} {[1 0 1 0 0 0 0 0 0 0 0 0 0 0 0 0 0] 14} {[1 0 1 0 0 0 0 0 0 0 0 0 0 0 0 0 0] 13} {[1 0 1 0 0 0 0 0 0 0 0 0 0 0 0 0 0] 12} {[1 0 1 0 0 0 0 0 0 0 0 0 0 0 0 0 0] 11} {[1 0 1 0 0 0 0 0 0 0 0 0 0 0 0 0 0] 10} {[1 0 1 0 0 0 0 0 0 0 0 0 0 0 0 0 0] 9} {[1 0 1 0 0 0 0 0 0 0 0 0 0 0 0 0 0] 8} {[1 0 1 0 0 0 0 0 0 0 0 0 0 0 0 0 0] 7} {[1 0 1 0 0 0 0 0 0 0 0 0 0 0 0 0 0] 6} {[1 0 1 0 0 0 0 0 0 0 0 0 0 0 0 0 0] 5} {[1 0 1 0 0 0 0 0 0 0 0 0 0 0 0 0 0] 4} {[1 0 1 0 0 0 0 0 0 0 0 0 0 0 0 0 0] 3} {[1 0 1 0 0 0 0 0 0 0 0 0 0 0 0 0 0] 2} {[1 0 0 0 0 0 0 0 0 0 0 0 0 0 0 0 0] 2} {[1 0 0 0 0 0 0 0 0 0 0 0 0 0 0 0 0] 1} {[1 0 0 0 0 0 0 0 0 0 0 0 0 0 0 0 0] 0} {[0 0 0 0 0 0 0 0 0 0 0 0 0 0 0 0 0] 0} {[0 0 0 0 0 0 0 0 0 0 0 0 0 0 0 0 0] 1} {[0 0 0 0 0 0 0 0 0 0 0 0 0 0 0 0 0] 2} {[0 0 0 0 0 0 0 0 0 0 0 0 0 0 0 0 0] 3} {[0 0 0 0 0 0 0 0 0 0 0 0 0 0 0 0 0] 4} {[0 0 0 0 0 0 0 0 0 0 0 0 0 0 0 0 0] 5} {[0 0 0 0 0 0 0 0 0 0 0 0 0 0 0 0 0] 6} {[0 0 0 0 0 0 0 0 0 0 0 0 0 0 0 0 0] 7}]}
[cors] 2023/09/19 18:55:39 Handler: Preflight request
[cors] 2023/09/19 18:55:39   Preflight response headers: map[Access-Control-Allow-Headers:[Content-Type] Access-Control-Allow-Methods:[POST] Access-Control-Allow-Origin:[*] Vary:[Origin, Access-Control-Request-Method, Access-Control-Request-Headers]]
[cors] 2023/09/19 18:55:39 Handler: Actual request
[cors] 2023/09/19 18:55:39   Actual response added headers: map[Access-Control-Allow-Origin:[*] Access-Control-Expose-Headers:[] Vary:[Origin]]
Pos: 4
Table: [1 0 1 0 1 1 1 1 0 1 1 0 1 0 0 0 0]
Dir: 1
InitDir => 1
InitPos => 4
Movs =ffff> 34
Cleaning... Pos => 4
Moving to... 5
Cleaning... Pos => 5
Moving to... 6
Cleaning... Pos => 6
Moving to... 7
Cleaning... Pos => 7
Moving to... 8
Moving to... 9
Cleaning... Pos => 9
Moving to... 10
Cleaning... Pos => 10
Moving to... 11
Moving to... 12
Cleaning... Pos => 12
Moving to... 13
Moving to... 14
Moving to... 15
Moving to... 16
Moving to... 15
Moving to... 14
Moving to... 13
Moving to... 12
Moving to... 11
Moving to... 10
Moving to... 9
Moving to... 8
Moving to... 7
Moving to... 6
Moving to... 5
Moving to... 4
Moving to... 3
Moving to... 2
Cleaning... Pos => 2
Moving to... 1
Moving to... 0
Cleaning... Pos => 0
Moving to... 1
Moving to... 2
Moving to... 3
Moving to... 4
Moving to... 5
Moving to... 6
Moving to... 7
Movs =ffff> 0
Response: {[{[1 0 1 0 1 1 1 1 0 1 1 0 1 0 0 0 0] 4} {[1 0 1 0 0 1 1 1 0 1 1 0 1 0 0 0 0] 4} {[1 0 1 0 0 1 1 1 0 1 1 0 1 0 0 0 0] 5} {[1 0 1 0 0 0 1 1 0 1 1 0 1 0 0 0 0] 5} {[1 0 1 0 0 0 1 1 0 1 1 0 1 0 0 0 0] 6} {[1 0 1 0 0 0 0 1 0 1 1 0 1 0 0 0 0] 6} {[1 0 1 0 0 0 0 1 0 1 1 0 1 0 0 0 0] 7} {[1 0 1 0 0 0 0 0 0 1 1 0 1 0 0 0 0] 7} {[1 0 1 0 0 0 0 0 0 1 1 0 1 0 0 0 0] 8} {[1 0 1 0 0 0 0 0 0 1 1 0 1 0 0 0 0] 9} {[1 0 1 0 0 0 0 0 0 0 1 0 1 0 0 0 0] 9} {[1 0 1 0 0 0 0 0 0 0 1 0 1 0 0 0 0] 10} {[1 0 1 0 0 0 0 0 0 0 0 0 1 0 0 0 0] 10} {[1 0 1 0 0 0 0 0 0 0 0 0 1 0 0 0 0] 11} {[1 0 1 0 0 0 0 0 0 0 0 0 1 0 0 0 0] 12} {[1 0 1 0 0 0 0 0 0 0 0 0 0 0 0 0 0] 12} {[1 0 1 0 0 0 0 0 0 0 0 0 0 0 0 0 0] 13} {[1 0 1 0 0 0 0 0 0 0 0 0 0 0 0 0 0] 14} {[1 0 1 0 0 0 0 0 0 0 0 0 0 0 0 0 0] 15} {[1 0 1 0 0 0 0 0 0 0 0 0 0 0 0 0 0] 16} {[1 0 1 0 0 0 0 0 0 0 0 0 0 0 0 0 0] 15} {[1 0 1 0 0 0 0 0 0 0 0 0 0 0 0 0 0] 14} {[1 0 1 0 0 0 0 0 0 0 0 0 0 0 0 0 0] 13} {[1 0 1 0 0 0 0 0 0 0 0 0 0 0 0 0 0] 12} {[1 0 1 0 0 0 0 0 0 0 0 0 0 0 0 0 0] 11} {[1 0 1 0 0 0 0 0 0 0 0 0 0 0 0 0 0] 10} {[1 0 1 0 0 0 0 0 0 0 0 0 0 0 0 0 0] 9} {[1 0 1 0 0 0 0 0 0 0 0 0 0 0 0 0 0] 8} {[1 0 1 0 0 0 0 0 0 0 0 0 0 0 0 0 0] 7} {[1 0 1 0 0 0 0 0 0 0 0 0 0 0 0 0 0] 6} {[1 0 1 0 0 0 0 0 0 0 0 0 0 0 0 0 0] 5} {[1 0 1 0 0 0 0 0 0 0 0 0 0 0 0 0 0] 4} {[1 0 1 0 0 0 0 0 0 0 0 0 0 0 0 0 0] 3} {[1 0 1 0 0 0 0 0 0 0 0 0 0 0 0 0 0] 2} {[1 0 0 0 0 0 0 0 0 0 0 0 0 0 0 0 0] 2} {[1 0 0 0 0 0 0 0 0 0 0 0 0 0 0 0 0] 1} {[1 0 0 0 0 0 0 0 0 0 0 0 0 0 0 0 0] 0} {[0 0 0 0 0 0 0 0 0 0 0 0 0 0 0 0 0] 0} {[0 0 0 0 0 0 0 0 0 0 0 0 0 0 0 0 0] 1} {[0 0 0 0 0 0 0 0 0 0 0 0 0 0 0 0 0] 2} {[0 0 0 0 0 0 0 0 0 0 0 0 0 0 0 0 0] 3} {[0 0 0 0 0 0 0 0 0 0 0 0 0 0 0 0 0] 4} {[0 0 0 0 0 0 0 0 0 0 0 0 0 0 0 0 0] 5} {[0 0 0 0 0 0 0 0 0 0 0 0 0 0 0 0 0] 6} {[0 0 0 0 0 0 0 0 0 0 0 0 0 0 0 0 0] 7}]}
[cors] 2023/09/19 18:55:49 Handler: Preflight request
[cors] 2023/09/19 18:55:49   Preflight response headers: map[Access-Control-Allow-Headers:[Content-Type] Access-Control-Allow-Methods:[POST] Access-Control-Allow-Origin:[*] Vary:[Origin, Access-Control-Request-Method, Access-Control-Request-Headers]]
[cors] 2023/09/19 18:55:49 Handler: Actual request
[cors] 2023/09/19 18:55:49   Actual response added headers: map[Access-Control-Allow-Origin:[*] Access-Control-Expose-Headers:[] Vary:[Origin]]
Pos: 4
Table: [1 0 1 0 1 1 1 1 0 1 1 0 1 0 0 0 0]
Dir: 1
InitDir => 1
InitPos => 4
Movs =ffff> 34
Cleaning... Pos => 4
Moving to... 5
Cleaning... Pos => 5
Moving to... 6
Cleaning... Pos => 6
Moving to... 7
Cleaning... Pos => 7
Moving to... 8
Moving to... 9
Cleaning... Pos => 9
Moving to... 10
Cleaning... Pos => 10
Moving to... 11
Moving to... 12
Cleaning... Pos => 12
Moving to... 13
Moving to... 14
Moving to... 15
Moving to... 16
Moving to... 15
Moving to... 14
Moving to... 13
Moving to... 12
Moving to... 11
Moving to... 10
Moving to... 9
Moving to... 8
Moving to... 7
Moving to... 6
Moving to... 5
Moving to... 4
Moving to... 3
Moving to... 2
Cleaning... Pos => 2
Moving to... 1
Moving to... 0
Cleaning... Pos => 0
Moving to... 1
Moving to... 2
Moving to... 3
Moving to... 4
Moving to... 5
Moving to... 6
Moving to... 7
Movs =ffff> 0
Response: {[{[1 0 1 0 1 1 1 1 0 1 1 0 1 0 0 0 0] 4} {[1 0 1 0 0 1 1 1 0 1 1 0 1 0 0 0 0] 4} {[1 0 1 0 0 1 1 1 0 1 1 0 1 0 0 0 0] 5} {[1 0 1 0 0 0 1 1 0 1 1 0 1 0 0 0 0] 5} {[1 0 1 0 0 0 1 1 0 1 1 0 1 0 0 0 0] 6} {[1 0 1 0 0 0 0 1 0 1 1 0 1 0 0 0 0] 6} {[1 0 1 0 0 0 0 1 0 1 1 0 1 0 0 0 0] 7} {[1 0 1 0 0 0 0 0 0 1 1 0 1 0 0 0 0] 7} {[1 0 1 0 0 0 0 0 0 1 1 0 1 0 0 0 0] 8} {[1 0 1 0 0 0 0 0 0 1 1 0 1 0 0 0 0] 9} {[1 0 1 0 0 0 0 0 0 0 1 0 1 0 0 0 0] 9} {[1 0 1 0 0 0 0 0 0 0 1 0 1 0 0 0 0] 10} {[1 0 1 0 0 0 0 0 0 0 0 0 1 0 0 0 0] 10} {[1 0 1 0 0 0 0 0 0 0 0 0 1 0 0 0 0] 11} {[1 0 1 0 0 0 0 0 0 0 0 0 1 0 0 0 0] 12} {[1 0 1 0 0 0 0 0 0 0 0 0 0 0 0 0 0] 12} {[1 0 1 0 0 0 0 0 0 0 0 0 0 0 0 0 0] 13} {[1 0 1 0 0 0 0 0 0 0 0 0 0 0 0 0 0] 14} {[1 0 1 0 0 0 0 0 0 0 0 0 0 0 0 0 0] 15} {[1 0 1 0 0 0 0 0 0 0 0 0 0 0 0 0 0] 16} {[1 0 1 0 0 0 0 0 0 0 0 0 0 0 0 0 0] 15} {[1 0 1 0 0 0 0 0 0 0 0 0 0 0 0 0 0] 14} {[1 0 1 0 0 0 0 0 0 0 0 0 0 0 0 0 0] 13} {[1 0 1 0 0 0 0 0 0 0 0 0 0 0 0 0 0] 12} {[1 0 1 0 0 0 0 0 0 0 0 0 0 0 0 0 0] 11} {[1 0 1 0 0 0 0 0 0 0 0 0 0 0 0 0 0] 10} {[1 0 1 0 0 0 0 0 0 0 0 0 0 0 0 0 0] 9} {[1 0 1 0 0 0 0 0 0 0 0 0 0 0 0 0 0] 8} {[1 0 1 0 0 0 0 0 0 0 0 0 0 0 0 0 0] 7} {[1 0 1 0 0 0 0 0 0 0 0 0 0 0 0 0 0] 6} {[1 0 1 0 0 0 0 0 0 0 0 0 0 0 0 0 0] 5} {[1 0 1 0 0 0 0 0 0 0 0 0 0 0 0 0 0] 4} {[1 0 1 0 0 0 0 0 0 0 0 0 0 0 0 0 0] 3} {[1 0 1 0 0 0 0 0 0 0 0 0 0 0 0 0 0] 2} {[1 0 0 0 0 0 0 0 0 0 0 0 0 0 0 0 0] 2} {[1 0 0 0 0 0 0 0 0 0 0 0 0 0 0 0 0] 1} {[1 0 0 0 0 0 0 0 0 0 0 0 0 0 0 0 0] 0} {[0 0 0 0 0 0 0 0 0 0 0 0 0 0 0 0 0] 0} {[0 0 0 0 0 0 0 0 0 0 0 0 0 0 0 0 0] 1} {[0 0 0 0 0 0 0 0 0 0 0 0 0 0 0 0 0] 2} {[0 0 0 0 0 0 0 0 0 0 0 0 0 0 0 0 0] 3} {[0 0 0 0 0 0 0 0 0 0 0 0 0 0 0 0 0] 4} {[0 0 0 0 0 0 0 0 0 0 0 0 0 0 0 0 0] 5} {[0 0 0 0 0 0 0 0 0 0 0 0 0 0 0 0 0] 6} {[0 0 0 0 0 0 0 0 0 0 0 0 0 0 0 0 0] 7}]}
[cors] 2023/09/19 18:57:39 Handler: Preflight request
[cors] 2023/09/19 18:57:39   Preflight response headers: map[Access-Control-Allow-Headers:[Content-Type] Access-Control-Allow-Methods:[POST] Access-Control-Allow-Origin:[*] Vary:[Origin, Access-Control-Request-Method, Access-Control-Request-Headers]]
[cors] 2023/09/19 18:57:39 Handler: Actual request
[cors] 2023/09/19 18:57:39   Actual response added headers: map[Access-Control-Allow-Origin:[*] Access-Control-Expose-Headers:[] Vary:[Origin]]
Pos: 4
Table: [1 0 1 0 1 1 1 1 0 1 1 0 1 0 0 0 0]
Dir: 1
InitDir => 1
InitPos => 4
Movs =ffff> 34
Cleaning... Pos => 4
Moving to... 5
Cleaning... Pos => 5
Moving to... 6
Cleaning... Pos => 6
Moving to... 7
Cleaning... Pos => 7
Moving to... 8
Moving to... 9
Cleaning... Pos => 9
Moving to... 10
Cleaning... Pos => 10
Moving to... 11
Moving to... 12
Cleaning... Pos => 12
Moving to... 13
Moving to... 14
Moving to... 15
Moving to... 16
Moving to... 15
Moving to... 14
Moving to... 13
Moving to... 12
Moving to... 11
Moving to... 10
Moving to... 9
Moving to... 8
Moving to... 7
Moving to... 6
Moving to... 5
Moving to... 4
Moving to... 3
Moving to... 2
Cleaning... Pos => 2
Moving to... 1
Moving to... 0
Cleaning... Pos => 0
Moving to... 1
Moving to... 2
Moving to... 3
Moving to... 4
Moving to... 5
Moving to... 6
Moving to... 7
Movs =ffff> 0
Response: {[{[1 0 1 0 1 1 1 1 0 1 1 0 1 0 0 0 0] 4} {[1 0 1 0 0 1 1 1 0 1 1 0 1 0 0 0 0] 4} {[1 0 1 0 0 1 1 1 0 1 1 0 1 0 0 0 0] 5} {[1 0 1 0 0 0 1 1 0 1 1 0 1 0 0 0 0] 5} {[1 0 1 0 0 0 1 1 0 1 1 0 1 0 0 0 0] 6} {[1 0 1 0 0 0 0 1 0 1 1 0 1 0 0 0 0] 6} {[1 0 1 0 0 0 0 1 0 1 1 0 1 0 0 0 0] 7} {[1 0 1 0 0 0 0 0 0 1 1 0 1 0 0 0 0] 7} {[1 0 1 0 0 0 0 0 0 1 1 0 1 0 0 0 0] 8} {[1 0 1 0 0 0 0 0 0 1 1 0 1 0 0 0 0] 9} {[1 0 1 0 0 0 0 0 0 0 1 0 1 0 0 0 0] 9} {[1 0 1 0 0 0 0 0 0 0 1 0 1 0 0 0 0] 10} {[1 0 1 0 0 0 0 0 0 0 0 0 1 0 0 0 0] 10} {[1 0 1 0 0 0 0 0 0 0 0 0 1 0 0 0 0] 11} {[1 0 1 0 0 0 0 0 0 0 0 0 1 0 0 0 0] 12} {[1 0 1 0 0 0 0 0 0 0 0 0 0 0 0 0 0] 12} {[1 0 1 0 0 0 0 0 0 0 0 0 0 0 0 0 0] 13} {[1 0 1 0 0 0 0 0 0 0 0 0 0 0 0 0 0] 14} {[1 0 1 0 0 0 0 0 0 0 0 0 0 0 0 0 0] 15} {[1 0 1 0 0 0 0 0 0 0 0 0 0 0 0 0 0] 16} {[1 0 1 0 0 0 0 0 0 0 0 0 0 0 0 0 0] 15} {[1 0 1 0 0 0 0 0 0 0 0 0 0 0 0 0 0] 14} {[1 0 1 0 0 0 0 0 0 0 0 0 0 0 0 0 0] 13} {[1 0 1 0 0 0 0 0 0 0 0 0 0 0 0 0 0] 12} {[1 0 1 0 0 0 0 0 0 0 0 0 0 0 0 0 0] 11} {[1 0 1 0 0 0 0 0 0 0 0 0 0 0 0 0 0] 10} {[1 0 1 0 0 0 0 0 0 0 0 0 0 0 0 0 0] 9} {[1 0 1 0 0 0 0 0 0 0 0 0 0 0 0 0 0] 8} {[1 0 1 0 0 0 0 0 0 0 0 0 0 0 0 0 0] 7} {[1 0 1 0 0 0 0 0 0 0 0 0 0 0 0 0 0] 6} {[1 0 1 0 0 0 0 0 0 0 0 0 0 0 0 0 0] 5} {[1 0 1 0 0 0 0 0 0 0 0 0 0 0 0 0 0] 4} {[1 0 1 0 0 0 0 0 0 0 0 0 0 0 0 0 0] 3} {[1 0 1 0 0 0 0 0 0 0 0 0 0 0 0 0 0] 2} {[1 0 0 0 0 0 0 0 0 0 0 0 0 0 0 0 0] 2} {[1 0 0 0 0 0 0 0 0 0 0 0 0 0 0 0 0] 1} {[1 0 0 0 0 0 0 0 0 0 0 0 0 0 0 0 0] 0} {[0 0 0 0 0 0 0 0 0 0 0 0 0 0 0 0 0] 0} {[0 0 0 0 0 0 0 0 0 0 0 0 0 0 0 0 0] 1} {[0 0 0 0 0 0 0 0 0 0 0 0 0 0 0 0 0] 2} {[0 0 0 0 0 0 0 0 0 0 0 0 0 0 0 0 0] 3} {[0 0 0 0 0 0 0 0 0 0 0 0 0 0 0 0 0] 4} {[0 0 0 0 0 0 0 0 0 0 0 0 0 0 0 0 0] 5} {[0 0 0 0 0 0 0 0 0 0 0 0 0 0 0 0 0] 6} {[0 0 0 0 0 0 0 0 0 0 0 0 0 0 0 0 0] 7}]}
[cors] 2023/09/19 18:58:15 Handler: Preflight request
[cors] 2023/09/19 18:58:15   Preflight response headers: map[Access-Control-Allow-Headers:[Content-Type] Access-Control-Allow-Methods:[POST] Access-Control-Allow-Origin:[*] Vary:[Origin, Access-Control-Request-Method, Access-Control-Request-Headers]]
[cors] 2023/09/19 18:58:15 Handler: Actual request
[cors] 2023/09/19 18:58:15   Actual response added headers: map[Access-Control-Allow-Origin:[*] Access-Control-Expose-Headers:[] Vary:[Origin]]
Pos: 4
Table: [1 0 1 0 1 1 1 1 0 1 1 0 1 0 0 0 0]
Dir: 1
InitDir => 1
InitPos => 4
Movs =ffff> 34
Cleaning... Pos => 4
Moving to... 5
Cleaning... Pos => 5
Moving to... 6
Cleaning... Pos => 6
Moving to... 7
Cleaning... Pos => 7
Moving to... 8
Moving to... 9
Cleaning... Pos => 9
Moving to... 10
Cleaning... Pos => 10
Moving to... 11
Moving to... 12
Cleaning... Pos => 12
Moving to... 13
Moving to... 14
Moving to... 15
Moving to... 16
Moving to... 15
Moving to... 14
Moving to... 13
Moving to... 12
Moving to... 11
Moving to... 10
Moving to... 9
Moving to... 8
Moving to... 7
Moving to... 6
Moving to... 5
Moving to... 4
Moving to... 3
Moving to... 2
Cleaning... Pos => 2
Moving to... 1
Moving to... 0
Cleaning... Pos => 0
Moving to... 1
Moving to... 2
Moving to... 3
Moving to... 4
Moving to... 5
Moving to... 6
Moving to... 7
Movs =ffff> 0
Response: {[{[1 0 1 0 1 1 1 1 0 1 1 0 1 0 0 0 0] 4} {[1 0 1 0 0 1 1 1 0 1 1 0 1 0 0 0 0] 4} {[1 0 1 0 0 1 1 1 0 1 1 0 1 0 0 0 0] 5} {[1 0 1 0 0 0 1 1 0 1 1 0 1 0 0 0 0] 5} {[1 0 1 0 0 0 1 1 0 1 1 0 1 0 0 0 0] 6} {[1 0 1 0 0 0 0 1 0 1 1 0 1 0 0 0 0] 6} {[1 0 1 0 0 0 0 1 0 1 1 0 1 0 0 0 0] 7} {[1 0 1 0 0 0 0 0 0 1 1 0 1 0 0 0 0] 7} {[1 0 1 0 0 0 0 0 0 1 1 0 1 0 0 0 0] 8} {[1 0 1 0 0 0 0 0 0 1 1 0 1 0 0 0 0] 9} {[1 0 1 0 0 0 0 0 0 0 1 0 1 0 0 0 0] 9} {[1 0 1 0 0 0 0 0 0 0 1 0 1 0 0 0 0] 10} {[1 0 1 0 0 0 0 0 0 0 0 0 1 0 0 0 0] 10} {[1 0 1 0 0 0 0 0 0 0 0 0 1 0 0 0 0] 11} {[1 0 1 0 0 0 0 0 0 0 0 0 1 0 0 0 0] 12} {[1 0 1 0 0 0 0 0 0 0 0 0 0 0 0 0 0] 12} {[1 0 1 0 0 0 0 0 0 0 0 0 0 0 0 0 0] 13} {[1 0 1 0 0 0 0 0 0 0 0 0 0 0 0 0 0] 14} {[1 0 1 0 0 0 0 0 0 0 0 0 0 0 0 0 0] 15} {[1 0 1 0 0 0 0 0 0 0 0 0 0 0 0 0 0] 16} {[1 0 1 0 0 0 0 0 0 0 0 0 0 0 0 0 0] 15} {[1 0 1 0 0 0 0 0 0 0 0 0 0 0 0 0 0] 14} {[1 0 1 0 0 0 0 0 0 0 0 0 0 0 0 0 0] 13} {[1 0 1 0 0 0 0 0 0 0 0 0 0 0 0 0 0] 12} {[1 0 1 0 0 0 0 0 0 0 0 0 0 0 0 0 0] 11} {[1 0 1 0 0 0 0 0 0 0 0 0 0 0 0 0 0] 10} {[1 0 1 0 0 0 0 0 0 0 0 0 0 0 0 0 0] 9} {[1 0 1 0 0 0 0 0 0 0 0 0 0 0 0 0 0] 8} {[1 0 1 0 0 0 0 0 0 0 0 0 0 0 0 0 0] 7} {[1 0 1 0 0 0 0 0 0 0 0 0 0 0 0 0 0] 6} {[1 0 1 0 0 0 0 0 0 0 0 0 0 0 0 0 0] 5} {[1 0 1 0 0 0 0 0 0 0 0 0 0 0 0 0 0] 4} {[1 0 1 0 0 0 0 0 0 0 0 0 0 0 0 0 0] 3} {[1 0 1 0 0 0 0 0 0 0 0 0 0 0 0 0 0] 2} {[1 0 0 0 0 0 0 0 0 0 0 0 0 0 0 0 0] 2} {[1 0 0 0 0 0 0 0 0 0 0 0 0 0 0 0 0] 1} {[1 0 0 0 0 0 0 0 0 0 0 0 0 0 0 0 0] 0} {[0 0 0 0 0 0 0 0 0 0 0 0 0 0 0 0 0] 0} {[0 0 0 0 0 0 0 0 0 0 0 0 0 0 0 0 0] 1} {[0 0 0 0 0 0 0 0 0 0 0 0 0 0 0 0 0] 2} {[0 0 0 0 0 0 0 0 0 0 0 0 0 0 0 0 0] 3} {[0 0 0 0 0 0 0 0 0 0 0 0 0 0 0 0 0] 4} {[0 0 0 0 0 0 0 0 0 0 0 0 0 0 0 0 0] 5} {[0 0 0 0 0 0 0 0 0 0 0 0 0 0 0 0 0] 6} {[0 0 0 0 0 0 0 0 0 0 0 0 0 0 0 0 0] 7}]}
[cors] 2023/09/19 18:58:18 Handler: Actual request
[cors] 2023/09/19 18:58:18   Actual response added headers: map[Access-Control-Allow-Origin:[*] Access-Control-Expose-Headers:[] Vary:[Origin]]
Pos: 4
Table: [1 0 1 0 1 1 1 1 0 1 1 0 1 0 0 0 0]
Dir: 1
InitDir => 1
InitPos => 4
Movs =ffff> 34
Cleaning... Pos => 4
Moving to... 5
Cleaning... Pos => 5
Moving to... 6
Cleaning... Pos => 6
Moving to... 7
Cleaning... Pos => 7
Moving to... 8
Moving to... 9
Cleaning... Pos => 9
Moving to... 10
Cleaning... Pos => 10
Moving to... 11
Moving to... 12
Cleaning... Pos => 12
Moving to... 13
Moving to... 14
Moving to... 15
Moving to... 16
Moving to... 15
Moving to... 14
Moving to... 13
Moving to... 12
Moving to... 11
Moving to... 10
Moving to... 9
Moving to... 8
Moving to... 7
Moving to... 6
Moving to... 5
Moving to... 4
Moving to... 3
Moving to... 2
Cleaning... Pos => 2
Moving to... 1
Moving to... 0
Cleaning... Pos => 0
Moving to... 1
Moving to... 2
Moving to... 3
Moving to... 4
Moving to... 5
Moving to... 6
Moving to... 7
Movs =ffff> 0
Response: {[{[1 0 1 0 1 1 1 1 0 1 1 0 1 0 0 0 0] 4} {[1 0 1 0 0 1 1 1 0 1 1 0 1 0 0 0 0] 4} {[1 0 1 0 0 1 1 1 0 1 1 0 1 0 0 0 0] 5} {[1 0 1 0 0 0 1 1 0 1 1 0 1 0 0 0 0] 5} {[1 0 1 0 0 0 1 1 0 1 1 0 1 0 0 0 0] 6} {[1 0 1 0 0 0 0 1 0 1 1 0 1 0 0 0 0] 6} {[1 0 1 0 0 0 0 1 0 1 1 0 1 0 0 0 0] 7} {[1 0 1 0 0 0 0 0 0 1 1 0 1 0 0 0 0] 7} {[1 0 1 0 0 0 0 0 0 1 1 0 1 0 0 0 0] 8} {[1 0 1 0 0 0 0 0 0 1 1 0 1 0 0 0 0] 9} {[1 0 1 0 0 0 0 0 0 0 1 0 1 0 0 0 0] 9} {[1 0 1 0 0 0 0 0 0 0 1 0 1 0 0 0 0] 10} {[1 0 1 0 0 0 0 0 0 0 0 0 1 0 0 0 0] 10} {[1 0 1 0 0 0 0 0 0 0 0 0 1 0 0 0 0] 11} {[1 0 1 0 0 0 0 0 0 0 0 0 1 0 0 0 0] 12} {[1 0 1 0 0 0 0 0 0 0 0 0 0 0 0 0 0] 12} {[1 0 1 0 0 0 0 0 0 0 0 0 0 0 0 0 0] 13} {[1 0 1 0 0 0 0 0 0 0 0 0 0 0 0 0 0] 14} {[1 0 1 0 0 0 0 0 0 0 0 0 0 0 0 0 0] 15} {[1 0 1 0 0 0 0 0 0 0 0 0 0 0 0 0 0] 16} {[1 0 1 0 0 0 0 0 0 0 0 0 0 0 0 0 0] 15} {[1 0 1 0 0 0 0 0 0 0 0 0 0 0 0 0 0] 14} {[1 0 1 0 0 0 0 0 0 0 0 0 0 0 0 0 0] 13} {[1 0 1 0 0 0 0 0 0 0 0 0 0 0 0 0 0] 12} {[1 0 1 0 0 0 0 0 0 0 0 0 0 0 0 0 0] 11} {[1 0 1 0 0 0 0 0 0 0 0 0 0 0 0 0 0] 10} {[1 0 1 0 0 0 0 0 0 0 0 0 0 0 0 0 0] 9} {[1 0 1 0 0 0 0 0 0 0 0 0 0 0 0 0 0] 8} {[1 0 1 0 0 0 0 0 0 0 0 0 0 0 0 0 0] 7} {[1 0 1 0 0 0 0 0 0 0 0 0 0 0 0 0 0] 6} {[1 0 1 0 0 0 0 0 0 0 0 0 0 0 0 0 0] 5} {[1 0 1 0 0 0 0 0 0 0 0 0 0 0 0 0 0] 4} {[1 0 1 0 0 0 0 0 0 0 0 0 0 0 0 0 0] 3} {[1 0 1 0 0 0 0 0 0 0 0 0 0 0 0 0 0] 2} {[1 0 0 0 0 0 0 0 0 0 0 0 0 0 0 0 0] 2} {[1 0 0 0 0 0 0 0 0 0 0 0 0 0 0 0 0] 1} {[1 0 0 0 0 0 0 0 0 0 0 0 0 0 0 0 0] 0} {[0 0 0 0 0 0 0 0 0 0 0 0 0 0 0 0 0] 0} {[0 0 0 0 0 0 0 0 0 0 0 0 0 0 0 0 0] 1} {[0 0 0 0 0 0 0 0 0 0 0 0 0 0 0 0 0] 2} {[0 0 0 0 0 0 0 0 0 0 0 0 0 0 0 0 0] 3} {[0 0 0 0 0 0 0 0 0 0 0 0 0 0 0 0 0] 4} {[0 0 0 0 0 0 0 0 0 0 0 0 0 0 0 0 0] 5} {[0 0 0 0 0 0 0 0 0 0 0 0 0 0 0 0 0] 6} {[0 0 0 0 0 0 0 0 0 0 0 0 0 0 0 0 0] 7}]}
[cors] 2023/09/19 18:58:19 Handler: Actual request
[cors] 2023/09/19 18:58:19   Actual response added headers: map[Access-Control-Allow-Origin:[*] Access-Control-Expose-Headers:[] Vary:[Origin]]
Pos: 4
Table: [1 0 1 0 1 1 1 1 0 1 1 0 1 0 0 0 0]
Dir: 1
InitDir => 1
InitPos => 4
Movs =ffff> 34
Cleaning... Pos => 4
Moving to... 5
Cleaning... Pos => 5
Moving to... 6
Cleaning... Pos => 6
Moving to... 7
Cleaning... Pos => 7
Moving to... 8
Moving to... 9
Cleaning... Pos => 9
Moving to... 10
Cleaning... Pos => 10
Moving to... 11
Moving to... 12
Cleaning... Pos => 12
Moving to... 13
Moving to... 14
Moving to... 15
Moving to... 16
Moving to... 15
Moving to... 14
Moving to... 13
Moving to... 12
Moving to... 11
Moving to... 10
Moving to... 9
Moving to... 8
Moving to... 7
Moving to... 6
Moving to... 5
Moving to... 4
Moving to... 3
Moving to... 2
Cleaning... Pos => 2
Moving to... 1
Moving to... 0
Cleaning... Pos => 0
Moving to... 1
Moving to... 2
Moving to... 3
Moving to... 4
Moving to... 5
Moving to... 6
Moving to... 7
Movs =ffff> 0
Response: {[{[1 0 1 0 1 1 1 1 0 1 1 0 1 0 0 0 0] 4} {[1 0 1 0 0 1 1 1 0 1 1 0 1 0 0 0 0] 4} {[1 0 1 0 0 1 1 1 0 1 1 0 1 0 0 0 0] 5} {[1 0 1 0 0 0 1 1 0 1 1 0 1 0 0 0 0] 5} {[1 0 1 0 0 0 1 1 0 1 1 0 1 0 0 0 0] 6} {[1 0 1 0 0 0 0 1 0 1 1 0 1 0 0 0 0] 6} {[1 0 1 0 0 0 0 1 0 1 1 0 1 0 0 0 0] 7} {[1 0 1 0 0 0 0 0 0 1 1 0 1 0 0 0 0] 7} {[1 0 1 0 0 0 0 0 0 1 1 0 1 0 0 0 0] 8} {[1 0 1 0 0 0 0 0 0 1 1 0 1 0 0 0 0] 9} {[1 0 1 0 0 0 0 0 0 0 1 0 1 0 0 0 0] 9} {[1 0 1 0 0 0 0 0 0 0 1 0 1 0 0 0 0] 10} {[1 0 1 0 0 0 0 0 0 0 0 0 1 0 0 0 0] 10} {[1 0 1 0 0 0 0 0 0 0 0 0 1 0 0 0 0] 11} {[1 0 1 0 0 0 0 0 0 0 0 0 1 0 0 0 0] 12} {[1 0 1 0 0 0 0 0 0 0 0 0 0 0 0 0 0] 12} {[1 0 1 0 0 0 0 0 0 0 0 0 0 0 0 0 0] 13} {[1 0 1 0 0 0 0 0 0 0 0 0 0 0 0 0 0] 14} {[1 0 1 0 0 0 0 0 0 0 0 0 0 0 0 0 0] 15} {[1 0 1 0 0 0 0 0 0 0 0 0 0 0 0 0 0] 16} {[1 0 1 0 0 0 0 0 0 0 0 0 0 0 0 0 0] 15} {[1 0 1 0 0 0 0 0 0 0 0 0 0 0 0 0 0] 14} {[1 0 1 0 0 0 0 0 0 0 0 0 0 0 0 0 0] 13} {[1 0 1 0 0 0 0 0 0 0 0 0 0 0 0 0 0] 12} {[1 0 1 0 0 0 0 0 0 0 0 0 0 0 0 0 0] 11} {[1 0 1 0 0 0 0 0 0 0 0 0 0 0 0 0 0] 10} {[1 0 1 0 0 0 0 0 0 0 0 0 0 0 0 0 0] 9} {[1 0 1 0 0 0 0 0 0 0 0 0 0 0 0 0 0] 8} {[1 0 1 0 0 0 0 0 0 0 0 0 0 0 0 0 0] 7} {[1 0 1 0 0 0 0 0 0 0 0 0 0 0 0 0 0] 6} {[1 0 1 0 0 0 0 0 0 0 0 0 0 0 0 0 0] 5} {[1 0 1 0 0 0 0 0 0 0 0 0 0 0 0 0 0] 4} {[1 0 1 0 0 0 0 0 0 0 0 0 0 0 0 0 0] 3} {[1 0 1 0 0 0 0 0 0 0 0 0 0 0 0 0 0] 2} {[1 0 0 0 0 0 0 0 0 0 0 0 0 0 0 0 0] 2} {[1 0 0 0 0 0 0 0 0 0 0 0 0 0 0 0 0] 1} {[1 0 0 0 0 0 0 0 0 0 0 0 0 0 0 0 0] 0} {[0 0 0 0 0 0 0 0 0 0 0 0 0 0 0 0 0] 0} {[0 0 0 0 0 0 0 0 0 0 0 0 0 0 0 0 0] 1} {[0 0 0 0 0 0 0 0 0 0 0 0 0 0 0 0 0] 2} {[0 0 0 0 0 0 0 0 0 0 0 0 0 0 0 0 0] 3} {[0 0 0 0 0 0 0 0 0 0 0 0 0 0 0 0 0] 4} {[0 0 0 0 0 0 0 0 0 0 0 0 0 0 0 0 0] 5} {[0 0 0 0 0 0 0 0 0 0 0 0 0 0 0 0 0] 6} {[0 0 0 0 0 0 0 0 0 0 0 0 0 0 0 0 0] 7}]}
[cors] 2023/09/19 18:58:22 Handler: Preflight request
[cors] 2023/09/19 18:58:22   Preflight response headers: map[Access-Control-Allow-Headers:[Content-Type] Access-Control-Allow-Methods:[POST] Access-Control-Allow-Origin:[*] Vary:[Origin, Access-Control-Request-Method, Access-Control-Request-Headers]]
[cors] 2023/09/19 18:58:22 Handler: Actual request
[cors] 2023/09/19 18:58:22   Actual response added headers: map[Access-Control-Allow-Origin:[*] Access-Control-Expose-Headers:[] Vary:[Origin]]
Pos: 4
Table: [1 0 1 0 1 1 1 1 0 1 1 0 1 0 0 0 0]
Dir: 1
InitDir => 1
InitPos => 4
Movs =ffff> 34
Cleaning... Pos => 4
Moving to... 5
Cleaning... Pos => 5
Moving to... 6
Cleaning... Pos => 6
Moving to... 7
Cleaning... Pos => 7
Moving to... 8
Moving to... 9
Cleaning... Pos => 9
Moving to... 10
Cleaning... Pos => 10
Moving to... 11
Moving to... 12
Cleaning... Pos => 12
Moving to... 13
Moving to... 14
Moving to... 15
Moving to... 16
Moving to... 15
Moving to... 14
Moving to... 13
Moving to... 12
Moving to... 11
Moving to... 10
Moving to... 9
Moving to... 8
Moving to... 7
Moving to... 6
Moving to... 5
Moving to... 4
Moving to... 3
Moving to... 2
Cleaning... Pos => 2
Moving to... 1
Moving to... 0
Cleaning... Pos => 0
Moving to... 1
Moving to... 2
Moving to... 3
Moving to... 4
Moving to... 5
Moving to... 6
Moving to... 7
Movs =ffff> 0
Response: {[{[1 0 1 0 1 1 1 1 0 1 1 0 1 0 0 0 0] 4} {[1 0 1 0 0 1 1 1 0 1 1 0 1 0 0 0 0] 4} {[1 0 1 0 0 1 1 1 0 1 1 0 1 0 0 0 0] 5} {[1 0 1 0 0 0 1 1 0 1 1 0 1 0 0 0 0] 5} {[1 0 1 0 0 0 1 1 0 1 1 0 1 0 0 0 0] 6} {[1 0 1 0 0 0 0 1 0 1 1 0 1 0 0 0 0] 6} {[1 0 1 0 0 0 0 1 0 1 1 0 1 0 0 0 0] 7} {[1 0 1 0 0 0 0 0 0 1 1 0 1 0 0 0 0] 7} {[1 0 1 0 0 0 0 0 0 1 1 0 1 0 0 0 0] 8} {[1 0 1 0 0 0 0 0 0 1 1 0 1 0 0 0 0] 9} {[1 0 1 0 0 0 0 0 0 0 1 0 1 0 0 0 0] 9} {[1 0 1 0 0 0 0 0 0 0 1 0 1 0 0 0 0] 10} {[1 0 1 0 0 0 0 0 0 0 0 0 1 0 0 0 0] 10} {[1 0 1 0 0 0 0 0 0 0 0 0 1 0 0 0 0] 11} {[1 0 1 0 0 0 0 0 0 0 0 0 1 0 0 0 0] 12} {[1 0 1 0 0 0 0 0 0 0 0 0 0 0 0 0 0] 12} {[1 0 1 0 0 0 0 0 0 0 0 0 0 0 0 0 0] 13} {[1 0 1 0 0 0 0 0 0 0 0 0 0 0 0 0 0] 14} {[1 0 1 0 0 0 0 0 0 0 0 0 0 0 0 0 0] 15} {[1 0 1 0 0 0 0 0 0 0 0 0 0 0 0 0 0] 16} {[1 0 1 0 0 0 0 0 0 0 0 0 0 0 0 0 0] 15} {[1 0 1 0 0 0 0 0 0 0 0 0 0 0 0 0 0] 14} {[1 0 1 0 0 0 0 0 0 0 0 0 0 0 0 0 0] 13} {[1 0 1 0 0 0 0 0 0 0 0 0 0 0 0 0 0] 12} {[1 0 1 0 0 0 0 0 0 0 0 0 0 0 0 0 0] 11} {[1 0 1 0 0 0 0 0 0 0 0 0 0 0 0 0 0] 10} {[1 0 1 0 0 0 0 0 0 0 0 0 0 0 0 0 0] 9} {[1 0 1 0 0 0 0 0 0 0 0 0 0 0 0 0 0] 8} {[1 0 1 0 0 0 0 0 0 0 0 0 0 0 0 0 0] 7} {[1 0 1 0 0 0 0 0 0 0 0 0 0 0 0 0 0] 6} {[1 0 1 0 0 0 0 0 0 0 0 0 0 0 0 0 0] 5} {[1 0 1 0 0 0 0 0 0 0 0 0 0 0 0 0 0] 4} {[1 0 1 0 0 0 0 0 0 0 0 0 0 0 0 0 0] 3} {[1 0 1 0 0 0 0 0 0 0 0 0 0 0 0 0 0] 2} {[1 0 0 0 0 0 0 0 0 0 0 0 0 0 0 0 0] 2} {[1 0 0 0 0 0 0 0 0 0 0 0 0 0 0 0 0] 1} {[1 0 0 0 0 0 0 0 0 0 0 0 0 0 0 0 0] 0} {[0 0 0 0 0 0 0 0 0 0 0 0 0 0 0 0 0] 0} {[0 0 0 0 0 0 0 0 0 0 0 0 0 0 0 0 0] 1} {[0 0 0 0 0 0 0 0 0 0 0 0 0 0 0 0 0] 2} {[0 0 0 0 0 0 0 0 0 0 0 0 0 0 0 0 0] 3} {[0 0 0 0 0 0 0 0 0 0 0 0 0 0 0 0 0] 4} {[0 0 0 0 0 0 0 0 0 0 0 0 0 0 0 0 0] 5} {[0 0 0 0 0 0 0 0 0 0 0 0 0 0 0 0 0] 6} {[0 0 0 0 0 0 0 0 0 0 0 0 0 0 0 0 0] 7}]}
[cors] 2023/09/19 18:58:32 Handler: Preflight request
[cors] 2023/09/19 18:58:32   Preflight response headers: map[Access-Control-Allow-Headers:[Content-Type] Access-Control-Allow-Methods:[POST] Access-Control-Allow-Origin:[*] Vary:[Origin, Access-Control-Request-Method, Access-Control-Request-Headers]]
[cors] 2023/09/19 18:58:32 Handler: Actual request
[cors] 2023/09/19 18:58:32   Actual response added headers: map[Access-Control-Allow-Origin:[*] Access-Control-Expose-Headers:[] Vary:[Origin]]
Pos: 4
Table: [1 0 1 0 1 1 1 1 0 1 1 0 1 0 0 0 0]
Dir: 1
InitDir => 1
InitPos => 4
Movs =ffff> 34
Cleaning... Pos => 4
Moving to... 5
Cleaning... Pos => 5
Moving to... 6
Cleaning... Pos => 6
Moving to... 7
Cleaning... Pos => 7
Moving to... 8
Moving to... 9
Cleaning... Pos => 9
Moving to... 10
Cleaning... Pos => 10
Moving to... 11
Moving to... 12
Cleaning... Pos => 12
Moving to... 13
Moving to... 14
Moving to... 15
Moving to... 16
Moving to... 15
Moving to... 14
Moving to... 13
Moving to... 12
Moving to... 11
Moving to... 10
Moving to... 9
Moving to... 8
Moving to... 7
Moving to... 6
Moving to... 5
Moving to... 4
Moving to... 3
Moving to... 2
Cleaning... Pos => 2
Moving to... 1
Moving to... 0
Cleaning... Pos => 0
Moving to... 1
Moving to... 2
Moving to... 3
Moving to... 4
Moving to... 5
Moving to... 6
Moving to... 7
Movs =ffff> 0
Response: {[{[1 0 1 0 1 1 1 1 0 1 1 0 1 0 0 0 0] 4} {[1 0 1 0 0 1 1 1 0 1 1 0 1 0 0 0 0] 4} {[1 0 1 0 0 1 1 1 0 1 1 0 1 0 0 0 0] 5} {[1 0 1 0 0 0 1 1 0 1 1 0 1 0 0 0 0] 5} {[1 0 1 0 0 0 1 1 0 1 1 0 1 0 0 0 0] 6} {[1 0 1 0 0 0 0 1 0 1 1 0 1 0 0 0 0] 6} {[1 0 1 0 0 0 0 1 0 1 1 0 1 0 0 0 0] 7} {[1 0 1 0 0 0 0 0 0 1 1 0 1 0 0 0 0] 7} {[1 0 1 0 0 0 0 0 0 1 1 0 1 0 0 0 0] 8} {[1 0 1 0 0 0 0 0 0 1 1 0 1 0 0 0 0] 9} {[1 0 1 0 0 0 0 0 0 0 1 0 1 0 0 0 0] 9} {[1 0 1 0 0 0 0 0 0 0 1 0 1 0 0 0 0] 10} {[1 0 1 0 0 0 0 0 0 0 0 0 1 0 0 0 0] 10} {[1 0 1 0 0 0 0 0 0 0 0 0 1 0 0 0 0] 11} {[1 0 1 0 0 0 0 0 0 0 0 0 1 0 0 0 0] 12} {[1 0 1 0 0 0 0 0 0 0 0 0 0 0 0 0 0] 12} {[1 0 1 0 0 0 0 0 0 0 0 0 0 0 0 0 0] 13} {[1 0 1 0 0 0 0 0 0 0 0 0 0 0 0 0 0] 14} {[1 0 1 0 0 0 0 0 0 0 0 0 0 0 0 0 0] 15} {[1 0 1 0 0 0 0 0 0 0 0 0 0 0 0 0 0] 16} {[1 0 1 0 0 0 0 0 0 0 0 0 0 0 0 0 0] 15} {[1 0 1 0 0 0 0 0 0 0 0 0 0 0 0 0 0] 14} {[1 0 1 0 0 0 0 0 0 0 0 0 0 0 0 0 0] 13} {[1 0 1 0 0 0 0 0 0 0 0 0 0 0 0 0 0] 12} {[1 0 1 0 0 0 0 0 0 0 0 0 0 0 0 0 0] 11} {[1 0 1 0 0 0 0 0 0 0 0 0 0 0 0 0 0] 10} {[1 0 1 0 0 0 0 0 0 0 0 0 0 0 0 0 0] 9} {[1 0 1 0 0 0 0 0 0 0 0 0 0 0 0 0 0] 8} {[1 0 1 0 0 0 0 0 0 0 0 0 0 0 0 0 0] 7} {[1 0 1 0 0 0 0 0 0 0 0 0 0 0 0 0 0] 6} {[1 0 1 0 0 0 0 0 0 0 0 0 0 0 0 0 0] 5} {[1 0 1 0 0 0 0 0 0 0 0 0 0 0 0 0 0] 4} {[1 0 1 0 0 0 0 0 0 0 0 0 0 0 0 0 0] 3} {[1 0 1 0 0 0 0 0 0 0 0 0 0 0 0 0 0] 2} {[1 0 0 0 0 0 0 0 0 0 0 0 0 0 0 0 0] 2} {[1 0 0 0 0 0 0 0 0 0 0 0 0 0 0 0 0] 1} {[1 0 0 0 0 0 0 0 0 0 0 0 0 0 0 0 0] 0} {[0 0 0 0 0 0 0 0 0 0 0 0 0 0 0 0 0] 0} {[0 0 0 0 0 0 0 0 0 0 0 0 0 0 0 0 0] 1} {[0 0 0 0 0 0 0 0 0 0 0 0 0 0 0 0 0] 2} {[0 0 0 0 0 0 0 0 0 0 0 0 0 0 0 0 0] 3} {[0 0 0 0 0 0 0 0 0 0 0 0 0 0 0 0 0] 4} {[0 0 0 0 0 0 0 0 0 0 0 0 0 0 0 0 0] 5} {[0 0 0 0 0 0 0 0 0 0 0 0 0 0 0 0 0] 6} {[0 0 0 0 0 0 0 0 0 0 0 0 0 0 0 0 0] 7}]}
[cors] 2023/09/19 18:58:33 Handler: Actual request
[cors] 2023/09/19 18:58:33   Actual response added headers: map[Access-Control-Allow-Origin:[*] Access-Control-Expose-Headers:[] Vary:[Origin]]
Pos: 4
Table: [1 0 1 0 1 1 1 1 0 1 1 0 1 0 0 0 0]
Dir: 1
InitDir => 1
InitPos => 4
Movs =ffff> 34
Cleaning... Pos => 4
Moving to... 5
Cleaning... Pos => 5
Moving to... 6
Cleaning... Pos => 6
Moving to... 7
Cleaning... Pos => 7
Moving to... 8
Moving to... 9
Cleaning... Pos => 9
Moving to... 10
Cleaning... Pos => 10
Moving to... 11
Moving to... 12
Cleaning... Pos => 12
Moving to... 13
Moving to... 14
Moving to... 15
Moving to... 16
Moving to... 15
Moving to... 14
Moving to... 13
Moving to... 12
Moving to... 11
Moving to... 10
Moving to... 9
Moving to... 8
Moving to... 7
Moving to... 6
Moving to... 5
Moving to... 4
Moving to... 3
Moving to... 2
Cleaning... Pos => 2
Moving to... 1
Moving to... 0
Cleaning... Pos => 0
Moving to... 1
Moving to... 2
Moving to... 3
Moving to... 4
Moving to... 5
Moving to... 6
Moving to... 7
Movs =ffff> 0
Response: {[{[1 0 1 0 1 1 1 1 0 1 1 0 1 0 0 0 0] 4} {[1 0 1 0 0 1 1 1 0 1 1 0 1 0 0 0 0] 4} {[1 0 1 0 0 1 1 1 0 1 1 0 1 0 0 0 0] 5} {[1 0 1 0 0 0 1 1 0 1 1 0 1 0 0 0 0] 5} {[1 0 1 0 0 0 1 1 0 1 1 0 1 0 0 0 0] 6} {[1 0 1 0 0 0 0 1 0 1 1 0 1 0 0 0 0] 6} {[1 0 1 0 0 0 0 1 0 1 1 0 1 0 0 0 0] 7} {[1 0 1 0 0 0 0 0 0 1 1 0 1 0 0 0 0] 7} {[1 0 1 0 0 0 0 0 0 1 1 0 1 0 0 0 0] 8} {[1 0 1 0 0 0 0 0 0 1 1 0 1 0 0 0 0] 9} {[1 0 1 0 0 0 0 0 0 0 1 0 1 0 0 0 0] 9} {[1 0 1 0 0 0 0 0 0 0 1 0 1 0 0 0 0] 10} {[1 0 1 0 0 0 0 0 0 0 0 0 1 0 0 0 0] 10} {[1 0 1 0 0 0 0 0 0 0 0 0 1 0 0 0 0] 11} {[1 0 1 0 0 0 0 0 0 0 0 0 1 0 0 0 0] 12} {[1 0 1 0 0 0 0 0 0 0 0 0 0 0 0 0 0] 12} {[1 0 1 0 0 0 0 0 0 0 0 0 0 0 0 0 0] 13} {[1 0 1 0 0 0 0 0 0 0 0 0 0 0 0 0 0] 14} {[1 0 1 0 0 0 0 0 0 0 0 0 0 0 0 0 0] 15} {[1 0 1 0 0 0 0 0 0 0 0 0 0 0 0 0 0] 16} {[1 0 1 0 0 0 0 0 0 0 0 0 0 0 0 0 0] 15} {[1 0 1 0 0 0 0 0 0 0 0 0 0 0 0 0 0] 14} {[1 0 1 0 0 0 0 0 0 0 0 0 0 0 0 0 0] 13} {[1 0 1 0 0 0 0 0 0 0 0 0 0 0 0 0 0] 12} {[1 0 1 0 0 0 0 0 0 0 0 0 0 0 0 0 0] 11} {[1 0 1 0 0 0 0 0 0 0 0 0 0 0 0 0 0] 10} {[1 0 1 0 0 0 0 0 0 0 0 0 0 0 0 0 0] 9} {[1 0 1 0 0 0 0 0 0 0 0 0 0 0 0 0 0] 8} {[1 0 1 0 0 0 0 0 0 0 0 0 0 0 0 0 0] 7} {[1 0 1 0 0 0 0 0 0 0 0 0 0 0 0 0 0] 6} {[1 0 1 0 0 0 0 0 0 0 0 0 0 0 0 0 0] 5} {[1 0 1 0 0 0 0 0 0 0 0 0 0 0 0 0 0] 4} {[1 0 1 0 0 0 0 0 0 0 0 0 0 0 0 0 0] 3} {[1 0 1 0 0 0 0 0 0 0 0 0 0 0 0 0 0] 2} {[1 0 0 0 0 0 0 0 0 0 0 0 0 0 0 0 0] 2} {[1 0 0 0 0 0 0 0 0 0 0 0 0 0 0 0 0] 1} {[1 0 0 0 0 0 0 0 0 0 0 0 0 0 0 0 0] 0} {[0 0 0 0 0 0 0 0 0 0 0 0 0 0 0 0 0] 0} {[0 0 0 0 0 0 0 0 0 0 0 0 0 0 0 0 0] 1} {[0 0 0 0 0 0 0 0 0 0 0 0 0 0 0 0 0] 2} {[0 0 0 0 0 0 0 0 0 0 0 0 0 0 0 0 0] 3} {[0 0 0 0 0 0 0 0 0 0 0 0 0 0 0 0 0] 4} {[0 0 0 0 0 0 0 0 0 0 0 0 0 0 0 0 0] 5} {[0 0 0 0 0 0 0 0 0 0 0 0 0 0 0 0 0] 6} {[0 0 0 0 0 0 0 0 0 0 0 0 0 0 0 0 0] 7}]}
[cors] 2023/09/19 18:58:34 Handler: Actual request
[cors] 2023/09/19 18:58:34   Actual response added headers: map[Access-Control-Allow-Origin:[*] Access-Control-Expose-Headers:[] Vary:[Origin]]
Pos: 4
Table: [1 0 1 0 1 1 1 1 0 1 1 0 1 0 0 0 0]
Dir: 1
InitDir => 1
InitPos => 4
Movs =ffff> 34
Cleaning... Pos => 4
Moving to... 5
Cleaning... Pos => 5
Moving to... 6
Cleaning... Pos => 6
Moving to... 7
Cleaning... Pos => 7
Moving to... 8
Moving to... 9
Cleaning... Pos => 9
Moving to... 10
Cleaning... Pos => 10
Moving to... 11
Moving to... 12
Cleaning... Pos => 12
Moving to... 13
Moving to... 14
Moving to... 15
Moving to... 16
Moving to... 15
Moving to... 14
Moving to... 13
Moving to... 12
Moving to... 11
Moving to... 10
Moving to... 9
Moving to... 8
Moving to... 7
Moving to... 6
Moving to... 5
Moving to... 4
Moving to... 3
Moving to... 2
Cleaning... Pos => 2
Moving to... 1
Moving to... 0
Cleaning... Pos => 0
Moving to... 1
Moving to... 2
Moving to... 3
Moving to... 4
Moving to... 5
Moving to... 6
Moving to... 7
Movs =ffff> 0
Response: {[{[1 0 1 0 1 1 1 1 0 1 1 0 1 0 0 0 0] 4} {[1 0 1 0 0 1 1 1 0 1 1 0 1 0 0 0 0] 4} {[1 0 1 0 0 1 1 1 0 1 1 0 1 0 0 0 0] 5} {[1 0 1 0 0 0 1 1 0 1 1 0 1 0 0 0 0] 5} {[1 0 1 0 0 0 1 1 0 1 1 0 1 0 0 0 0] 6} {[1 0 1 0 0 0 0 1 0 1 1 0 1 0 0 0 0] 6} {[1 0 1 0 0 0 0 1 0 1 1 0 1 0 0 0 0] 7} {[1 0 1 0 0 0 0 0 0 1 1 0 1 0 0 0 0] 7} {[1 0 1 0 0 0 0 0 0 1 1 0 1 0 0 0 0] 8} {[1 0 1 0 0 0 0 0 0 1 1 0 1 0 0 0 0] 9} {[1 0 1 0 0 0 0 0 0 0 1 0 1 0 0 0 0] 9} {[1 0 1 0 0 0 0 0 0 0 1 0 1 0 0 0 0] 10} {[1 0 1 0 0 0 0 0 0 0 0 0 1 0 0 0 0] 10} {[1 0 1 0 0 0 0 0 0 0 0 0 1 0 0 0 0] 11} {[1 0 1 0 0 0 0 0 0 0 0 0 1 0 0 0 0] 12} {[1 0 1 0 0 0 0 0 0 0 0 0 0 0 0 0 0] 12} {[1 0 1 0 0 0 0 0 0 0 0 0 0 0 0 0 0] 13} {[1 0 1 0 0 0 0 0 0 0 0 0 0 0 0 0 0] 14} {[1 0 1 0 0 0 0 0 0 0 0 0 0 0 0 0 0] 15} {[1 0 1 0 0 0 0 0 0 0 0 0 0 0 0 0 0] 16} {[1 0 1 0 0 0 0 0 0 0 0 0 0 0 0 0 0] 15} {[1 0 1 0 0 0 0 0 0 0 0 0 0 0 0 0 0] 14} {[1 0 1 0 0 0 0 0 0 0 0 0 0 0 0 0 0] 13} {[1 0 1 0 0 0 0 0 0 0 0 0 0 0 0 0 0] 12} {[1 0 1 0 0 0 0 0 0 0 0 0 0 0 0 0 0] 11} {[1 0 1 0 0 0 0 0 0 0 0 0 0 0 0 0 0] 10} {[1 0 1 0 0 0 0 0 0 0 0 0 0 0 0 0 0] 9} {[1 0 1 0 0 0 0 0 0 0 0 0 0 0 0 0 0] 8} {[1 0 1 0 0 0 0 0 0 0 0 0 0 0 0 0 0] 7} {[1 0 1 0 0 0 0 0 0 0 0 0 0 0 0 0 0] 6} {[1 0 1 0 0 0 0 0 0 0 0 0 0 0 0 0 0] 5} {[1 0 1 0 0 0 0 0 0 0 0 0 0 0 0 0 0] 4} {[1 0 1 0 0 0 0 0 0 0 0 0 0 0 0 0 0] 3} {[1 0 1 0 0 0 0 0 0 0 0 0 0 0 0 0 0] 2} {[1 0 0 0 0 0 0 0 0 0 0 0 0 0 0 0 0] 2} {[1 0 0 0 0 0 0 0 0 0 0 0 0 0 0 0 0] 1} {[1 0 0 0 0 0 0 0 0 0 0 0 0 0 0 0 0] 0} {[0 0 0 0 0 0 0 0 0 0 0 0 0 0 0 0 0] 0} {[0 0 0 0 0 0 0 0 0 0 0 0 0 0 0 0 0] 1} {[0 0 0 0 0 0 0 0 0 0 0 0 0 0 0 0 0] 2} {[0 0 0 0 0 0 0 0 0 0 0 0 0 0 0 0 0] 3} {[0 0 0 0 0 0 0 0 0 0 0 0 0 0 0 0 0] 4} {[0 0 0 0 0 0 0 0 0 0 0 0 0 0 0 0 0] 5} {[0 0 0 0 0 0 0 0 0 0 0 0 0 0 0 0 0] 6} {[0 0 0 0 0 0 0 0 0 0 0 0 0 0 0 0 0] 7}]}
[cors] 2023/09/19 19:02:06 Handler: Preflight request
[cors] 2023/09/19 19:02:06   Preflight response headers: map[Access-Control-Allow-Headers:[Content-Type] Access-Control-Allow-Methods:[POST] Access-Control-Allow-Origin:[*] Vary:[Origin, Access-Control-Request-Method, Access-Control-Request-Headers]]
[cors] 2023/09/19 19:02:06 Handler: Actual request
[cors] 2023/09/19 19:02:06   Actual response added headers: map[Access-Control-Allow-Origin:[*] Access-Control-Expose-Headers:[] Vary:[Origin]]
Pos: 3
Table: [1 1 1 0 1]
Dir: -1
InitDir => -1
InitPos => 3
Movs =ffff> 10
Moving to... 2
Cleaning... Pos => 2
Moving to... 1
Cleaning... Pos => 1
Moving to... 0
Cleaning... Pos => 0
Moving to... 1
Moving to... 2
Moving to... 3
Moving to... 4
Cleaning... Pos => 4
Moving to... 3
Moving to... 2
Moving to... 1
Moving to... 0
Movs =ffff> 0
Response: {[{[1 1 1 0 1] 3} {[1 1 1 0 1] 2} {[1 1 0 0 1] 2} {[1 1 0 0 1] 1} {[1 0 0 0 1] 1} {[1 0 0 0 1] 0} {[0 0 0 0 1] 0} {[0 0 0 0 1] 1} {[0 0 0 0 1] 2} {[0 0 0 0 1] 3} {[0 0 0 0 1] 4} {[0 0 0 0 0] 4} {[0 0 0 0 0] 3} {[0 0 0 0 0] 2} {[0 0 0 0 0] 1} {[0 0 0 0 0] 0}]}
[cors] 2023/09/19 19:02:40 Handler: Preflight request
[cors] 2023/09/19 19:02:40   Preflight response headers: map[Access-Control-Allow-Headers:[Content-Type] Access-Control-Allow-Methods:[POST] Access-Control-Allow-Origin:[*] Vary:[Origin, Access-Control-Request-Method, Access-Control-Request-Headers]]
[cors] 2023/09/19 19:02:40 Handler: Actual request
[cors] 2023/09/19 19:02:40   Actual response added headers: map[Access-Control-Allow-Origin:[*] Access-Control-Expose-Headers:[] Vary:[Origin]]
Pos: 3
Table: [1 1 1 0 1]
Dir: -1
InitDir => -1
InitPos => 3
Movs =ffff> 10
Moving to... 2
Cleaning... Pos => 2
Moving to... 1
Cleaning... Pos => 1
Moving to... 0
Cleaning... Pos => 0
Moving to... 1
Moving to... 2
Moving to... 3
Moving to... 4
Cleaning... Pos => 4
Moving to... 3
Moving to... 2
Moving to... 1
Moving to... 0
Movs =ffff> 0
Response: {[{[1 1 1 0 1] 3} {[1 1 1 0 1] 2} {[1 1 0 0 1] 2} {[1 1 0 0 1] 1} {[1 0 0 0 1] 1} {[1 0 0 0 1] 0} {[0 0 0 0 1] 0} {[0 0 0 0 1] 1} {[0 0 0 0 1] 2} {[0 0 0 0 1] 3} {[0 0 0 0 1] 4} {[0 0 0 0 0] 4} {[0 0 0 0 0] 3} {[0 0 0 0 0] 2} {[0 0 0 0 0] 1} {[0 0 0 0 0] 0}]}
